{"/mnt/dfbf6578-15e8-4484-ba95-e42dfd0125b9/Playground/forlist/src/functions/nthElement.js": {"path":"/mnt/dfbf6578-15e8-4484-ba95-e42dfd0125b9/Playground/forlist/src/functions/nthElement.js","all":false,"statementMap":{"0":{"start":{"line":1,"column":0},"end":{"line":1,"column":0}},"1":{"start":{"line":2,"column":0},"end":{"line":2,"column":0}},"2":{"start":{"line":3,"column":0},"end":{"line":3,"column":3}},"3":{"start":{"line":4,"column":0},"end":{"line":4,"column":34}},"4":{"start":{"line":5,"column":0},"end":{"line":5,"column":3}},"5":{"start":{"line":6,"column":0},"end":{"line":6,"column":23}},"6":{"start":{"line":7,"column":0},"end":{"line":7,"column":15}},"7":{"start":{"line":8,"column":0},"end":{"line":8,"column":3}},"8":{"start":{"line":9,"column":0},"end":{"line":9,"column":61}},"9":{"start":{"line":10,"column":0},"end":{"line":10,"column":23}},"10":{"start":{"line":11,"column":0},"end":{"line":11,"column":1}}},"s":{"0":1,"1":1,"2":1,"3":1,"4":1,"5":1,"6":1,"7":1,"8":1,"9":1,"10":1},"branchMap":{"0":{"type":"branch","line":9,"loc":{"start":{"line":9,"column":44},"end":{"line":11,"column":1}},"locations":[{"start":{"line":9,"column":44},"end":{"line":11,"column":1}}]}},"b":{"0":[1]},"fnMap":{"0":{"name":"Object.<anonymous>.exports.default.Array.nthElement","decl":{"start":{"line":9,"column":44},"end":{"line":11,"column":1}},"loc":{"start":{"line":9,"column":44},"end":{"line":11,"column":1}},"line":9}},"f":{"0":1}}
,"/mnt/dfbf6578-15e8-4484-ba95-e42dfd0125b9/Playground/forlist/src/properties/firstElement.js": {"path":"/mnt/dfbf6578-15e8-4484-ba95-e42dfd0125b9/Playground/forlist/src/properties/firstElement.js","all":false,"statementMap":{"0":{"start":{"line":1,"column":0},"end":{"line":1,"column":0}},"1":{"start":{"line":2,"column":0},"end":{"line":2,"column":3}},"2":{"start":{"line":3,"column":0},"end":{"line":3,"column":50}},"3":{"start":{"line":4,"column":0},"end":{"line":4,"column":3}},"4":{"start":{"line":5,"column":0},"end":{"line":5,"column":71}},"5":{"start":{"line":6,"column":0},"end":{"line":6,"column":20}},"6":{"start":{"line":7,"column":0},"end":{"line":7,"column":23}},"7":{"start":{"line":8,"column":0},"end":{"line":8,"column":5}},"8":{"start":{"line":9,"column":0},"end":{"line":9,"column":2}}},"s":{"0":1,"1":1,"2":1,"3":1,"4":1,"5":1,"6":1,"7":1,"8":1},"branchMap":{"0":{"type":"branch","line":6,"loc":{"start":{"line":6,"column":9},"end":{"line":8,"column":5}},"locations":[{"start":{"line":6,"column":9},"end":{"line":8,"column":5}}]}},"b":{"0":[1]},"fnMap":{"0":{"name":"get","decl":{"start":{"line":6,"column":9},"end":{"line":8,"column":5}},"loc":{"start":{"line":6,"column":9},"end":{"line":8,"column":5}},"line":6}},"f":{"0":1}}
,"/mnt/dfbf6578-15e8-4484-ba95-e42dfd0125b9/Playground/forlist/src/properties/lastElement.js": {"path":"/mnt/dfbf6578-15e8-4484-ba95-e42dfd0125b9/Playground/forlist/src/properties/lastElement.js","all":false,"statementMap":{"0":{"start":{"line":1,"column":0},"end":{"line":1,"column":0}},"1":{"start":{"line":2,"column":0},"end":{"line":2,"column":3}},"2":{"start":{"line":3,"column":0},"end":{"line":3,"column":49}},"3":{"start":{"line":4,"column":0},"end":{"line":4,"column":3}},"4":{"start":{"line":5,"column":0},"end":{"line":5,"column":69}},"5":{"start":{"line":6,"column":0},"end":{"line":6,"column":20}},"6":{"start":{"line":7,"column":0},"end":{"line":7,"column":37}},"7":{"start":{"line":8,"column":0},"end":{"line":8,"column":5}},"8":{"start":{"line":9,"column":0},"end":{"line":9,"column":2}}},"s":{"0":1,"1":1,"2":1,"3":1,"4":1,"5":1,"6":2,"7":2,"8":1},"branchMap":{"0":{"type":"branch","line":6,"loc":{"start":{"line":6,"column":9},"end":{"line":8,"column":5}},"locations":[{"start":{"line":6,"column":9},"end":{"line":8,"column":5}}]}},"b":{"0":[2]},"fnMap":{"0":{"name":"get","decl":{"start":{"line":6,"column":9},"end":{"line":8,"column":5}},"loc":{"start":{"line":6,"column":9},"end":{"line":8,"column":5}},"line":6}},"f":{"0":2}}
}
